<?xml version="1.0" encoding="UTF-8"?>
<!-- Generated by org.testng.reporters.JUnitReportReporter -->
<testsuite skipped="0" hostname="IBM-Testing01" name="ValidChangePassword" tests="1" failures="0" timestamp="27 Dec 2019 10:17:09 GMT" time="2.032" errors="0">
  <testcase name="f" time="2.032" classname="ValidChangePassword"/>
</testsuite> <!-- ValidChangePassword -->
