<?xml version="1.0" encoding="UTF-8"?>
<!-- Generated by org.testng.reporters.JUnitReportReporter -->
<testsuite skipped="0" hostname="IBM-Testing01" name="Test1" tests="1" failures="0" timestamp="27 Dec 2019 09:39:14 GMT" time="2.033" errors="0">
  <testcase name="f" time="2.033" classname="Test1"/>
</testsuite> <!-- Test1 -->
